This file contains any messages produced by compilers while
running configure, to aid debugging if configure makes a mistake.

It was created by openocd configure 0.10.0, which was
generated by GNU Autoconf 2.69.  Invocation command line was

  $ ./configure --enable-ftdi --enable-stlink --enable-ti-icdi --enable-jlink --enable-cmsis-dap

## --------- ##
## Platform. ##
## --------- ##

hostname = debian-gnu-linux-vm
uname -m = x86_64
uname -r = 4.19.0-13-amd64
uname -s = Linux
uname -v = #1 SMP Debian 4.19.160-2 (2020-11-28)

/usr/bin/uname -p = unknown
/bin/uname -X     = unknown

/bin/arch              = unknown
/usr/bin/arch -k       = unknown
/usr/convex/getsysinfo = unknown
/usr/bin/hostinfo      = unknown
/bin/machine           = unknown
/usr/bin/oslevel       = unknown
/bin/universe          = unknown

PATH: /home/willy/.local/bin
PATH: /home/willy/.cargo/bin
PATH: /home/willy/.cargo/bin
PATH: /opt/FreedomStudio
PATH: /opt/FreedomStudio/SiFive/riscv64-unknown-elf-gcc-20181030-x86_64-linux-centos6/bin
PATH: /opt/gnat/2019-riscv32-elf/bin
PATH: /home/willy/.cargo/bin
PATH: /usr/local/bin
PATH: /usr/bin
PATH: /bin
PATH: /usr/local/games
PATH: /usr/games
PATH: /opt/powerpc64le-power8--glibc--stable-2018.11-1/bin


## ----------- ##
## Core tests. ##
## ----------- ##

configure:2572: checking for makeinfo
configure:2588: found /usr/bin/makeinfo
configure:2599: result: makeinfo
configure:2661: checking for a BSD-compatible install
configure:2729: result: /usr/bin/install -c
configure:2740: checking whether build environment is sane
configure:2795: result: yes
configure:2944: checking for a thread-safe mkdir -p
configure:2983: result: /bin/mkdir -p
configure:2990: checking for gawk
configure:3006: found /usr/bin/gawk
configure:3017: result: gawk
configure:3028: checking whether make sets $(MAKE)
configure:3050: result: yes
configure:3079: checking whether make supports nested variables
configure:3096: result: yes
configure:3281: checking for gcc
configure:3297: found /usr/bin/gcc
configure:3308: result: gcc
configure:3537: checking for C compiler version
configure:3546: gcc --version >&5
gcc (Debian 8.3.0-6) 8.3.0
Copyright (C) 2018 Free Software Foundation, Inc.
This is free software; see the source for copying conditions.  There is NO
warranty; not even for MERCHANTABILITY or FITNESS FOR A PARTICULAR PURPOSE.

configure:3557: $? = 0
configure:3546: gcc -v >&5
Using built-in specs.
COLLECT_GCC=gcc
COLLECT_LTO_WRAPPER=/usr/lib/gcc/x86_64-linux-gnu/8/lto-wrapper
OFFLOAD_TARGET_NAMES=nvptx-none
OFFLOAD_TARGET_DEFAULT=1
Target: x86_64-linux-gnu
Configured with: ../src/configure -v --with-pkgversion='Debian 8.3.0-6' --with-bugurl=file:///usr/share/doc/gcc-8/README.Bugs --enable-languages=c,ada,c++,go,brig,d,fortran,objc,obj-c++ --prefix=/usr --with-gcc-major-version-only --program-suffix=-8 --program-prefix=x86_64-linux-gnu- --enable-shared --enable-linker-build-id --libexecdir=/usr/lib --without-included-gettext --enable-threads=posix --libdir=/usr/lib --enable-nls --enable-bootstrap --enable-clocale=gnu --enable-libstdcxx-debug --enable-libstdcxx-time=yes --with-default-libstdcxx-abi=new --enable-gnu-unique-object --disable-vtable-verify --enable-libmpx --enable-plugin --enable-default-pie --with-system-zlib --with-target-system-zlib --enable-objc-gc=auto --enable-multiarch --disable-werror --with-arch-32=i686 --with-abi=m64 --with-multilib-list=m32,m64,mx32 --enable-multilib --with-tune=generic --enable-offload-targets=nvptx-none --without-cuda-driver --enable-checking=release --build=x86_64-linux-gnu --host=x86_64-linux-gnu --target=x86_64-linux-gnu
Thread model: posix
gcc version 8.3.0 (Debian 8.3.0-6) 
configure:3557: $? = 0
configure:3546: gcc -V >&5
gcc: error: unrecognized command line option '-V'
gcc: fatal error: no input files
compilation terminated.
configure:3557: $? = 1
configure:3546: gcc -qversion >&5
gcc: error: unrecognized command line option '-qversion'; did you mean '--version'?
gcc: fatal error: no input files
compilation terminated.
configure:3557: $? = 1
configure:3577: checking whether the C compiler works
configure:3599: gcc    conftest.c  >&5
configure:3603: $? = 0
configure:3651: result: yes
configure:3654: checking for C compiler default output file name
configure:3656: result: a.out
configure:3662: checking for suffix of executables
configure:3669: gcc -o conftest    conftest.c  >&5
configure:3673: $? = 0
configure:3695: result: 
configure:3717: checking whether we are cross compiling
configure:3725: gcc -o conftest    conftest.c  >&5
configure:3729: $? = 0
configure:3736: ./conftest
configure:3740: $? = 0
configure:3728: result: no
configure:3733: checking for suffix of object files
configure:3755: gcc -c   conftest.c >&5
configure:3759: $? = 0
configure:3780: result: o
configure:3784: checking whether we are using the GNU C compiler
configure:3803: gcc -c   conftest.c >&5
configure:3803: $? = 0
configure:3812: result: yes
configure:3821: checking whether gcc accepts -g
configure:3841: gcc -c -g  conftest.c >&5
configure:3841: $? = 0
configure:3882: result: yes
configure:3899: checking for gcc option to accept ISO C89
configure:3962: gcc  -c -g -O2  conftest.c >&5
configure:3962: $? = 0
configure:3975: result: none needed
configure:4000: checking whether gcc understands -c and -o together
configure:4022: gcc -c conftest.c -o conftest2.o
configure:4025: $? = 0
configure:4022: gcc -c conftest.c -o conftest2.o
configure:4025: $? = 0
configure:4037: result: yes
configure:4057: checking whether make supports the include directive
configure:4072: make -f confmf.GNU && cat confinc.out
this is the am__doit target
configure:4075: $? = 0
configure:4094: result: yes (GNU style)
configure:4119: checking dependency style of gcc
configure:4230: result: gcc3
configure:4245: checking for gcc option to accept ISO C99
configure:4394: gcc  -c -g -O2  conftest.c >&5
configure:4394: $? = 0
configure:4407: result: none needed
configure:4466: checking for ranlib
configure:4482: found /usr/bin/ranlib
configure:4493: result: ranlib
configure:4569: checking for pkg-config
configure:4587: found /usr/bin/pkg-config
configure:4599: result: /usr/bin/pkg-config
configure:4624: checking pkg-config is at least version 0.23
configure:4627: result: yes
configure:4699: checking build system type
configure:4713: result: x86_64-pc-linux-gnu
configure:4733: checking host system type
configure:4746: result: x86_64-pc-linux-gnu
configure:4787: checking how to print strings
configure:4814: result: printf
configure:4835: checking for a sed that does not truncate output
configure:4899: result: /bin/sed
configure:4917: checking for grep that handles long lines and -e
configure:4975: result: /bin/grep
configure:4980: checking for egrep
configure:5042: result: /bin/grep -E
configure:5047: checking for fgrep
configure:5109: result: /bin/grep -F
configure:5144: checking for ld used by gcc
configure:5211: result: /usr/bin/ld
configure:5218: checking if the linker (/usr/bin/ld) is GNU ld
configure:5233: result: yes
configure:5245: checking for BSD- or MS-compatible name lister (nm)
configure:5299: result: /usr/bin/nm -B
configure:5429: checking the name lister (/usr/bin/nm -B) interface
configure:5436: gcc -c -g -O2  conftest.c >&5
configure:5439: /usr/bin/nm -B "conftest.o"
configure:5442: output
0000000000000000 B some_variable
configure:5443: result: BSD nm
configure:5446: checking whether ln -s works
configure:5450: result: yes
configure:5458: checking the maximum length of command line arguments
configure:5589: result: 1572864
configure:5637: checking how to convert x86_64-pc-linux-gnu file names to x86_64-pc-linux-gnu format
configure:5677: result: func_convert_file_noop
configure:5684: checking how to convert x86_64-pc-linux-gnu file names to toolchain format
configure:5704: result: func_convert_file_noop
configure:5711: checking for /usr/bin/ld option to reload object files
configure:5718: result: -r
configure:5792: checking for objdump
configure:5808: found /usr/bin/objdump
configure:5819: result: objdump
configure:5851: checking how to recognize dependent libraries
configure:6051: result: pass_all
configure:6136: checking for dlltool
configure:6166: result: no
configure:6196: checking how to associate runtime and link libraries
configure:6223: result: printf %s\n
configure:6284: checking for ar
configure:6300: found /usr/bin/ar
configure:6311: result: ar
configure:6348: checking for archiver @FILE support
configure:6365: gcc -c -g -O2  conftest.c >&5
configure:6365: $? = 0
configure:6368: ar cru libconftest.a @conftest.lst >&5
ar: `u' modifier ignored since `D' is the default (see `U')
configure:6371: $? = 0
configure:6376: ar cru libconftest.a @conftest.lst >&5
ar: `u' modifier ignored since `D' is the default (see `U')
ar: conftest.o: No such file or directory
configure:6379: $? = 1
configure:6378: result: @
configure:6436: checking for strip
configure:6452: found /usr/bin/strip
configure:6463: result: strip
configure:6535: checking for ranlib
configure:6562: result: ranlib
configure:6664: checking command to parse /usr/bin/nm -B output from gcc object
configure:6817: gcc -c -g -O2  conftest.c >&5
configure:6820: $? = 0
configure:6824: /usr/bin/nm -B conftest.o | sed -n -e 's/^.*[	 ]\([ABCDGIRSTW][ABCDGIRSTW]*\)[	 ][	 ]*\([_A-Za-z][_A-Za-z0-9]*\)$/\1 \2 \2/p' | sed '/ __gnu_lto/d' > conftest.nm
configure:6890: gcc -o conftest -g -O2   conftest.c conftstm.o >&5
configure:6893: $? = 0
configure:6931: result: ok
configure:6978: checking for sysroot
configure:7008: result: no
configure:7015: checking for a working dd
configure:7053: result: /bin/dd
configure:7057: checking how to truncate binary pipes
configure:7072: result: /bin/dd bs=4096 count=1
configure:7208: gcc -c -g -O2  conftest.c >&5
configure:7211: $? = 0
configure:7401: checking for mt
configure:7417: found /bin/mt
configure:7428: result: mt
configure:7451: checking if mt is a manifest tool
configure:7457: mt '-?'
configure:7465: result: no
configure:8142: checking how to run the C preprocessor
configure:8173: gcc -E  conftest.c
configure:8173: $? = 0
configure:8187: gcc -E  conftest.c
conftest.c:11:10: fatal error: ac_nonexistent.h: No such file or directory
 #include <ac_nonexistent.h>
          ^~~~~~~~~~~~~~~~~~
compilation terminated.
configure:8187: $? = 1
configure: failed program was:
| /* confdefs.h */
| #define PACKAGE_NAME "openocd"
| #define PACKAGE_TARNAME "openocd"
| #define PACKAGE_VERSION "0.10.0"
| #define PACKAGE_STRING "openocd 0.10.0"
| #define PACKAGE_BUGREPORT "OpenOCD Mailing List <openocd-devel@lists.sourceforge.net>"
| #define PACKAGE_URL ""
| #define PACKAGE "openocd"
| #define VERSION "0.10.0"
| /* end confdefs.h.  */
| #include <ac_nonexistent.h>
configure:8212: result: gcc -E
configure:8232: gcc -E  conftest.c
configure:8232: $? = 0
configure:8246: gcc -E  conftest.c
conftest.c:11:10: fatal error: ac_nonexistent.h: No such file or directory
 #include <ac_nonexistent.h>
          ^~~~~~~~~~~~~~~~~~
compilation terminated.
configure:8246: $? = 1
configure: failed program was:
| /* confdefs.h */
| #define PACKAGE_NAME "openocd"
| #define PACKAGE_TARNAME "openocd"
| #define PACKAGE_VERSION "0.10.0"
| #define PACKAGE_STRING "openocd 0.10.0"
| #define PACKAGE_BUGREPORT "OpenOCD Mailing List <openocd-devel@lists.sourceforge.net>"
| #define PACKAGE_URL ""
| #define PACKAGE "openocd"
| #define VERSION "0.10.0"
| /* end confdefs.h.  */
| #include <ac_nonexistent.h>
configure:8275: checking for ANSI C header files
configure:8295: gcc -c -g -O2  conftest.c >&5
configure:8295: $? = 0
configure:8368: gcc -o conftest -g -O2   conftest.c  >&5
configure:8368: $? = 0
configure:8368: ./conftest
configure:8368: $? = 0
configure:8379: result: yes
configure:8392: checking for sys/types.h
configure:8392: gcc -c -g -O2  conftest.c >&5
configure:8392: $? = 0
configure:8392: result: yes
configure:8392: checking for sys/stat.h
configure:8392: gcc -c -g -O2  conftest.c >&5
configure:8392: $? = 0
configure:8392: result: yes
configure:8392: checking for stdlib.h
configure:8392: gcc -c -g -O2  conftest.c >&5
configure:8392: $? = 0
configure:8392: result: yes
configure:8392: checking for string.h
configure:8392: gcc -c -g -O2  conftest.c >&5
configure:8392: $? = 0
configure:8392: result: yes
configure:8392: checking for memory.h
configure:8392: gcc -c -g -O2  conftest.c >&5
configure:8392: $? = 0
configure:8392: result: yes
configure:8392: checking for strings.h
configure:8392: gcc -c -g -O2  conftest.c >&5
configure:8392: $? = 0
configure:8392: result: yes
configure:8392: checking for inttypes.h
configure:8392: gcc -c -g -O2  conftest.c >&5
configure:8392: $? = 0
configure:8392: result: yes
configure:8392: checking for stdint.h
configure:8392: gcc -c -g -O2  conftest.c >&5
configure:8392: $? = 0
configure:8392: result: yes
configure:8392: checking for unistd.h
configure:8392: gcc -c -g -O2  conftest.c >&5
configure:8392: $? = 0
configure:8392: result: yes
configure:8406: checking for dlfcn.h
configure:8406: gcc -c -g -O2  conftest.c >&5
configure:8406: $? = 0
configure:8406: result: yes
configure:8632: checking for objdir
configure:8647: result: .libs
configure:8907: checking if gcc supports -fno-rtti -fno-exceptions
configure:8925: gcc -c -g -O2  -fno-rtti -fno-exceptions conftest.c >&5
cc1: warning: command line option '-fno-rtti' is valid for C++/ObjC++ but not for C
configure:8929: $? = 0
configure:8942: result: no
configure:9300: checking for gcc option to produce PIC
configure:9307: result: -fPIC -DPIC
configure:9315: checking if gcc PIC flag -fPIC -DPIC works
configure:9333: gcc -c -g -O2  -fPIC -DPIC -DPIC conftest.c >&5
configure:9337: $? = 0
configure:9350: result: yes
configure:9379: checking if gcc static flag -static works
configure:9407: result: yes
configure:9422: checking if gcc supports -c -o file.o
configure:9443: gcc -c -g -O2  -o out/conftest2.o conftest.c >&5
configure:9447: $? = 0
configure:9469: result: yes
configure:9477: checking if gcc supports -c -o file.o
configure:9524: result: yes
configure:9557: checking whether the gcc linker (/usr/bin/ld -m elf_x86_64) supports shared libraries
configure:10820: result: yes
configure:11060: checking dynamic linker characteristics
configure:11641: gcc -o conftest -g -O2   -Wl,-rpath -Wl,/foo conftest.c  >&5
configure:11641: $? = 0
configure:11890: result: GNU/Linux ld.so
configure:12012: checking how to hardcode library paths into programs
configure:12037: result: immediate
configure:12585: checking whether stripping libraries is possible
configure:12590: result: yes
configure:12625: checking if libtool supports shared libraries
configure:12627: result: yes
configure:12630: checking whether to build shared libraries
configure:12655: result: no
configure:12658: checking whether to build static libraries
configure:12662: result: yes
configure:9477: checking for an ANSI C-conforming const
configure:9543: gcc -c -g -O2  conftest.c >&5
configure:9543: $? = 0
configure:9550: result: yes
configure:9559: checking for unsigned long long int
configure:9607: result: yes
configure:9617: checking for long long int
configure:9667: result: yes
configure:9676: checking for library containing ioperm
configure:9707: gcc -o conftest -g -O2   conftest.c  >&5
configure:9707: $? = 0
configure:9724: result: none required
configure:9732: checking for library containing dlopen
configure:9763: gcc -o conftest -g -O2   conftest.c  >&5
/usr/bin/ld: /tmp/cc0Nf4Nw.o: in function `main':
/home/willy/openocd-0.10.1/conftest.c:36: undefined reference to `dlopen'
collect2: error: ld returned 1 exit status
configure:9763: $? = 1
configure: failed program was:
| /* confdefs.h */
| #define PACKAGE_NAME "openocd"
| #define PACKAGE_TARNAME "openocd"
| #define PACKAGE_VERSION "0.10.0"
| #define PACKAGE_STRING "openocd 0.10.0"
| #define PACKAGE_BUGREPORT "OpenOCD Mailing List <openocd-devel@lists.sourceforge.net>"
| #define PACKAGE_URL ""
| #define PACKAGE "openocd"
| #define VERSION "0.10.0"
| #define STDC_HEADERS 1
| #define HAVE_SYS_TYPES_H 1
| #define HAVE_SYS_STAT_H 1
| #define HAVE_STDLIB_H 1
| #define HAVE_STRING_H 1
| #define HAVE_MEMORY_H 1
| #define HAVE_STRINGS_H 1
| #define HAVE_INTTYPES_H 1
| #define HAVE_STDINT_H 1
| #define HAVE_UNISTD_H 1
| #define HAVE_DLFCN_H 1
| #define LT_OBJDIR ".libs/"
| #define HAVE_UNSIGNED_LONG_LONG_INT 1
| #define HAVE_LONG_LONG_INT 1
| /* end confdefs.h.  */
| 
| /* Override any GCC internal prototype to avoid an error.
|    Use char because int might match the return type of a GCC
|    builtin and then its argument prototype would still apply.  */
| #ifdef __cplusplus
| extern "C"
| #endif
| char dlopen ();
| int
| main ()
| {
| return dlopen ();
|   ;
|   return 0;
| }
configure:9763: gcc -o conftest -g -O2   conftest.c -ldl   >&5
configure:9763: $? = 0
configure:9780: result: -ldl
configure:9791: checking sys/socket.h usability
configure:9791: gcc -c -g -O2  conftest.c >&5
configure:9791: $? = 0
configure:9791: result: yes
configure:9791: checking sys/socket.h presence
configure:9791: gcc -E  conftest.c
configure:9791: $? = 0
configure:9791: result: yes
configure:9791: checking for sys/socket.h
configure:9791: result: yes
configure:9803: checking elf.h usability
configure:9803: gcc -c -g -O2  conftest.c >&5
configure:9803: $? = 0
configure:9803: result: yes
configure:9803: checking elf.h presence
configure:9803: gcc -E  conftest.c
configure:9803: $? = 0
configure:9803: result: yes
configure:9803: checking for elf.h
configure:9803: result: yes
configure:9815: checking dirent.h usability
configure:9815: gcc -c -g -O2  conftest.c >&5
configure:9815: $? = 0
configure:9815: result: yes
configure:9815: checking dirent.h presence
configure:9815: gcc -E  conftest.c
configure:9815: $? = 0
configure:9815: result: yes
configure:9815: checking for dirent.h
configure:9815: result: yes
configure:9827: checking fcntl.h usability
configure:9827: gcc -c -g -O2  conftest.c >&5
configure:9827: $? = 0
configure:9827: result: yes
configure:9827: checking fcntl.h presence
configure:9827: gcc -E  conftest.c
configure:9827: $? = 0
configure:9827: result: yes
configure:9827: checking for fcntl.h
configure:9827: result: yes
configure:9839: checking malloc.h usability
configure:9839: gcc -c -g -O2  conftest.c >&5
configure:9839: $? = 0
configure:9839: result: yes
configure:9839: checking malloc.h presence
configure:9839: gcc -E  conftest.c
configure:9839: $? = 0
configure:9839: result: yes
configure:9839: checking for malloc.h
configure:9839: result: yes
configure:9851: checking netdb.h usability
configure:9851: gcc -c -g -O2  conftest.c >&5
configure:9851: $? = 0
configure:9851: result: yes
configure:9851: checking netdb.h presence
configure:9851: gcc -E  conftest.c
configure:9851: $? = 0
configure:9851: result: yes
configure:9851: checking for netdb.h
configure:9851: result: yes
configure:9863: checking poll.h usability
configure:9863: gcc -c -g -O2  conftest.c >&5
configure:9863: $? = 0
configure:9863: result: yes
configure:9863: checking poll.h presence
configure:9863: gcc -E  conftest.c
configure:9863: $? = 0
configure:9863: result: yes
configure:9863: checking for poll.h
configure:9863: result: yes
configure:9875: checking pthread.h usability
configure:9875: gcc -c -g -O2  conftest.c >&5
configure:9875: $? = 0
configure:9875: result: yes
configure:9875: checking pthread.h presence
configure:9875: gcc -E  conftest.c
configure:9875: $? = 0
configure:9875: result: yes
configure:9875: checking for pthread.h
configure:9875: result: yes
configure:9887: checking for strings.h
configure:9887: result: yes
configure:9899: checking sys/ioctl.h usability
configure:9899: gcc -c -g -O2  conftest.c >&5
configure:9899: $? = 0
configure:9899: result: yes
configure:9899: checking sys/ioctl.h presence
configure:9899: gcc -E  conftest.c
configure:9899: $? = 0
configure:9899: result: yes
configure:9899: checking for sys/ioctl.h
configure:9899: result: yes
configure:9911: checking sys/param.h usability
configure:9911: gcc -c -g -O2  conftest.c >&5
configure:9911: $? = 0
configure:9911: result: yes
configure:9911: checking sys/param.h presence
configure:9911: gcc -E  conftest.c
configure:9911: $? = 0
configure:9911: result: yes
configure:9911: checking for sys/param.h
configure:9911: result: yes
configure:9923: checking sys/select.h usability
configure:9923: gcc -c -g -O2  conftest.c >&5
configure:9923: $? = 0
configure:9923: result: yes
configure:9923: checking sys/select.h presence
configure:9923: gcc -E  conftest.c
configure:9923: $? = 0
configure:9923: result: yes
configure:9923: checking for sys/select.h
configure:9923: result: yes
configure:9935: checking for sys/stat.h
configure:9935: result: yes
configure:9947: checking sys/sysctl.h usability
configure:9947: gcc -c -g -O2  conftest.c >&5
configure:9947: $? = 0
configure:9947: result: yes
configure:9947: checking sys/sysctl.h presence
configure:9947: gcc -E  conftest.c
configure:9947: $? = 0
configure:9947: result: yes
configure:9947: checking for sys/sysctl.h
configure:9947: result: yes
configure:9959: checking sys/time.h usability
configure:9959: gcc -c -g -O2  conftest.c >&5
configure:9959: $? = 0
configure:9959: result: yes
configure:9959: checking sys/time.h presence
configure:9959: gcc -E  conftest.c
configure:9959: $? = 0
configure:9959: result: yes
configure:9959: checking for sys/time.h
configure:9959: result: yes
configure:9971: checking for sys/types.h
configure:9971: result: yes
configure:9983: checking for unistd.h
configure:9983: result: yes
configure:9996: checking for arpa/inet.h
configure:9996: gcc -c -g -O2  conftest.c >&5
configure:9996: $? = 0
configure:9996: result: yes
configure:9996: checking for ifaddrs.h
configure:9996: gcc -c -g -O2  conftest.c >&5
configure:9996: $? = 0
configure:9996: result: yes
configure:9996: checking for netinet/in.h
configure:9996: gcc -c -g -O2  conftest.c >&5
configure:9996: $? = 0
configure:9996: result: yes
configure:9996: checking for netinet/tcp.h
configure:9996: gcc -c -g -O2  conftest.c >&5
configure:9996: $? = 0
configure:9996: result: yes
configure:9996: checking for net/if.h
configure:9996: gcc -c -g -O2  conftest.c >&5
configure:9996: $? = 0
configure:9996: result: yes
configure:10021: checking whether to enable assertions
configure:10039: result: yes
configure:10042: checking for stdbool.h that conforms to C99
configure:10109: gcc -c -g -O2  conftest.c >&5
configure:10109: $? = 0
configure:10116: result: yes
configure:10118: checking for _Bool
configure:10118: gcc -c -g -O2  conftest.c >&5
configure:10118: $? = 0
configure:10118: gcc -c -g -O2  conftest.c >&5
conftest.c: In function 'main':
conftest.c:83:20: error: expected expression before ')' token
 if (sizeof ((_Bool)))
                    ^
configure:10118: $? = 1
configure: failed program was:
| /* confdefs.h */
| #define PACKAGE_NAME "openocd"
| #define PACKAGE_TARNAME "openocd"
| #define PACKAGE_VERSION "0.10.0"
| #define PACKAGE_STRING "openocd 0.10.0"
| #define PACKAGE_BUGREPORT "OpenOCD Mailing List <openocd-devel@lists.sourceforge.net>"
| #define PACKAGE_URL ""
| #define PACKAGE "openocd"
| #define VERSION "0.10.0"
| #define STDC_HEADERS 1
| #define HAVE_SYS_TYPES_H 1
| #define HAVE_SYS_STAT_H 1
| #define HAVE_STDLIB_H 1
| #define HAVE_STRING_H 1
| #define HAVE_MEMORY_H 1
| #define HAVE_STRINGS_H 1
| #define HAVE_INTTYPES_H 1
| #define HAVE_STDINT_H 1
| #define HAVE_UNISTD_H 1
| #define HAVE_DLFCN_H 1
| #define LT_OBJDIR ".libs/"
| #define HAVE_UNSIGNED_LONG_LONG_INT 1
| #define HAVE_LONG_LONG_INT 1
| #define HAVE_SYS_SOCKET_H 1
| #define HAVE_ELF_H 1
| #define HAVE_DIRENT_H 1
| #define HAVE_FCNTL_H 1
| #define HAVE_MALLOC_H 1
| #define HAVE_NETDB_H 1
| #define HAVE_POLL_H 1
| #define HAVE_PTHREAD_H 1
| #define HAVE_STRINGS_H 1
| #define HAVE_SYS_IOCTL_H 1
| #define HAVE_SYS_PARAM_H 1
| #define HAVE_SYS_SELECT_H 1
| #define HAVE_SYS_STAT_H 1
| #define HAVE_SYS_SYSCTL_H 1
| #define HAVE_SYS_TIME_H 1
| #define HAVE_SYS_TYPES_H 1
| #define HAVE_UNISTD_H 1
| #define HAVE_ARPA_INET_H 1
| #define HAVE_IFADDRS_H 1
| #define HAVE_NETINET_IN_H 1
| #define HAVE_NETINET_TCP_H 1
| #define HAVE_NET_IF_H 1
| /* end confdefs.h.  */
| #include <stdio.h>
| #ifdef HAVE_SYS_TYPES_H
| # include <sys/types.h>
| #endif
| #ifdef HAVE_SYS_STAT_H
| # include <sys/stat.h>
| #endif
| #ifdef STDC_HEADERS
| # include <stdlib.h>
| # include <stddef.h>
| #else
| # ifdef HAVE_STDLIB_H
| #  include <stdlib.h>
| # endif
| #endif
| #ifdef HAVE_STRING_H
| # if !defined STDC_HEADERS && defined HAVE_MEMORY_H
| #  include <memory.h>
| # endif
| # include <string.h>
| #endif
| #ifdef HAVE_STRINGS_H
| # include <strings.h>
| #endif
| #ifdef HAVE_INTTYPES_H
| # include <inttypes.h>
| #endif
| #ifdef HAVE_STDINT_H
| # include <stdint.h>
| #endif
| #ifdef HAVE_UNISTD_H
| # include <unistd.h>
| #endif
| int
| main ()
| {
| if (sizeof ((_Bool)))
| 	    return 0;
|   ;
|   return 0;
| }
configure:10118: result: yes
configure:10135: checking whether time.h and sys/time.h may both be included
configure:10155: gcc -c -g -O2  conftest.c >&5
configure:10155: $? = 0
configure:10162: result: yes
configure:10171: checking whether byte ordering is bigendian
configure:10186: gcc -c -g -O2  conftest.c >&5
conftest.c:51:9: error: unknown type name 'not'
         not a universal capable compiler
         ^~~
conftest.c:51:15: error: expected '=', ',', ';', 'asm' or '__attribute__' before 'universal'
         not a universal capable compiler
               ^~~~~~~~~
conftest.c:51:15: error: unknown type name 'universal'
configure:10186: $? = 1
configure: failed program was:
| /* confdefs.h */
| #define PACKAGE_NAME "openocd"
| #define PACKAGE_TARNAME "openocd"
| #define PACKAGE_VERSION "0.10.0"
| #define PACKAGE_STRING "openocd 0.10.0"
| #define PACKAGE_BUGREPORT "OpenOCD Mailing List <openocd-devel@lists.sourceforge.net>"
| #define PACKAGE_URL ""
| #define PACKAGE "openocd"
| #define VERSION "0.10.0"
| #define STDC_HEADERS 1
| #define HAVE_SYS_TYPES_H 1
| #define HAVE_SYS_STAT_H 1
| #define HAVE_STDLIB_H 1
| #define HAVE_STRING_H 1
| #define HAVE_MEMORY_H 1
| #define HAVE_STRINGS_H 1
| #define HAVE_INTTYPES_H 1
| #define HAVE_STDINT_H 1
| #define HAVE_UNISTD_H 1
| #define HAVE_DLFCN_H 1
| #define LT_OBJDIR ".libs/"
| #define HAVE_UNSIGNED_LONG_LONG_INT 1
| #define HAVE_LONG_LONG_INT 1
| #define HAVE_SYS_SOCKET_H 1
| #define HAVE_ELF_H 1
| #define HAVE_DIRENT_H 1
| #define HAVE_FCNTL_H 1
| #define HAVE_MALLOC_H 1
| #define HAVE_NETDB_H 1
| #define HAVE_POLL_H 1
| #define HAVE_PTHREAD_H 1
| #define HAVE_STRINGS_H 1
| #define HAVE_SYS_IOCTL_H 1
| #define HAVE_SYS_PARAM_H 1
| #define HAVE_SYS_SELECT_H 1
| #define HAVE_SYS_STAT_H 1
| #define HAVE_SYS_SYSCTL_H 1
| #define HAVE_SYS_TIME_H 1
| #define HAVE_SYS_TYPES_H 1
| #define HAVE_UNISTD_H 1
| #define HAVE_ARPA_INET_H 1
| #define HAVE_IFADDRS_H 1
| #define HAVE_NETINET_IN_H 1
| #define HAVE_NETINET_TCP_H 1
| #define HAVE_NET_IF_H 1
| #define HAVE__BOOL 1
| #define HAVE_STDBOOL_H 1
| #define TIME_WITH_SYS_TIME 1
| /* end confdefs.h.  */
| #ifndef __APPLE_CC__
| 	       not a universal capable compiler
| 	     #endif
| 	     typedef int dummy;
| 
configure:10231: gcc -c -g -O2  conftest.c >&5
configure:10231: $? = 0
configure:10249: gcc -c -g -O2  conftest.c >&5
conftest.c: In function 'main':
conftest.c:57:4: error: unknown type name 'not'; did you mean 'ino_t'?
    not big endian
    ^~~
    ino_t
conftest.c:57:12: error: expected '=', ',', ';', 'asm' or '__attribute__' before 'endian'
    not big endian
            ^~~~~~
configure:10249: $? = 1
configure: failed program was:
| /* confdefs.h */
| #define PACKAGE_NAME "openocd"
| #define PACKAGE_TARNAME "openocd"
| #define PACKAGE_VERSION "0.10.0"
| #define PACKAGE_STRING "openocd 0.10.0"
| #define PACKAGE_BUGREPORT "OpenOCD Mailing List <openocd-devel@lists.sourceforge.net>"
| #define PACKAGE_URL ""
| #define PACKAGE "openocd"
| #define VERSION "0.10.0"
| #define STDC_HEADERS 1
| #define HAVE_SYS_TYPES_H 1
| #define HAVE_SYS_STAT_H 1
| #define HAVE_STDLIB_H 1
| #define HAVE_STRING_H 1
| #define HAVE_MEMORY_H 1
| #define HAVE_STRINGS_H 1
| #define HAVE_INTTYPES_H 1
| #define HAVE_STDINT_H 1
| #define HAVE_UNISTD_H 1
| #define HAVE_DLFCN_H 1
| #define LT_OBJDIR ".libs/"
| #define HAVE_UNSIGNED_LONG_LONG_INT 1
| #define HAVE_LONG_LONG_INT 1
| #define HAVE_SYS_SOCKET_H 1
| #define HAVE_ELF_H 1
| #define HAVE_DIRENT_H 1
| #define HAVE_FCNTL_H 1
| #define HAVE_MALLOC_H 1
| #define HAVE_NETDB_H 1
| #define HAVE_POLL_H 1
| #define HAVE_PTHREAD_H 1
| #define HAVE_STRINGS_H 1
| #define HAVE_SYS_IOCTL_H 1
| #define HAVE_SYS_PARAM_H 1
| #define HAVE_SYS_SELECT_H 1
| #define HAVE_SYS_STAT_H 1
| #define HAVE_SYS_SYSCTL_H 1
| #define HAVE_SYS_TIME_H 1
| #define HAVE_SYS_TYPES_H 1
| #define HAVE_UNISTD_H 1
| #define HAVE_ARPA_INET_H 1
| #define HAVE_IFADDRS_H 1
| #define HAVE_NETINET_IN_H 1
| #define HAVE_NETINET_TCP_H 1
| #define HAVE_NET_IF_H 1
| #define HAVE__BOOL 1
| #define HAVE_STDBOOL_H 1
| #define TIME_WITH_SYS_TIME 1
| /* end confdefs.h.  */
| #include <sys/types.h>
| 		#include <sys/param.h>
| 
| int
| main ()
| {
| #if BYTE_ORDER != BIG_ENDIAN
| 		 not big endian
| 		#endif
| 
|   ;
|   return 0;
| }
configure:10377: result: no
configure:10398: checking for strndup
configure:10398: gcc -o conftest -g -O2   conftest.c -ldl  >&5
conftest.c:73:6: warning: conflicting types for built-in function 'strndup' [-Wbuiltin-declaration-mismatch]
 char strndup ();
      ^~~~~~~
configure:10398: $? = 0
configure:10398: result: yes
configure:10409: checking for strnlen
configure:10409: gcc -o conftest -g -O2   conftest.c -ldl  >&5
configure:10409: $? = 0
configure:10409: result: yes
configure:10420: checking for gettimeofday
configure:10420: gcc -o conftest -g -O2   conftest.c -ldl  >&5
configure:10420: $? = 0
configure:10420: result: yes
configure:10431: checking for usleep
configure:10431: gcc -o conftest -g -O2   conftest.c -ldl  >&5
configure:10431: $? = 0
configure:10431: result: yes
configure:10442: checking for vasprintf
configure:10442: gcc -o conftest -g -O2   conftest.c -ldl  >&5
configure:10442: $? = 0
configure:10442: result: yes
configure:10453: checking for realpath
configure:10453: gcc -o conftest -g -O2   conftest.c -ldl  >&5
configure:10453: $? = 0
configure:10453: result: yes
configure:10464: checking whether to build a release
configure:10475: result: yes
configure:10509: checking whether to build Doxygen as HTML
configure:10511: result: yes
configure:10522: checking whether to build Doxygen as PDF
configure:10524: result: no
configure:10584: checking whether to enable verbose JTAG I/O messages
configure:10586: result: no
configure:10596: checking whether to enable verbose USB I/O messages
configure:10598: result: no
configure:10608: checking whether to enable verbose USB communication messages
configure:10610: result: no
configure:10627: checking whether to enable malloc free space logging
configure:10629: result: no
configure:10941: checking whether to enable ZY1000 minidriver
configure:10956: result: no
configure:10967: checking whether to enable dummy minidriver
configure:10985: result: no
configure:10988: checking whether standard drivers can be built
configure:11000: result: yes
configure:11437: checking for LIBUSB1
configure:11444: $PKG_CONFIG --exists --print-errors "libusb-1.0"
configure:11447: $? = 0
configure:11461: $PKG_CONFIG --exists --print-errors "libusb-1.0"
configure:11464: $? = 0
configure:11510: result: yes
configure:11518: $PKG_CONFIG --exists --print-errors "libusb-1.0 >= 1.0.9"
configure:11521: $? = 0
configure:11531: libusb-1.0 header bug workaround: LIBUSB1_CFLAGS changed to "-isystem /usr/include/libusb-1.0"
configure:11534: $PKG_CONFIG --exists --print-errors "libusb-1.0 >= 1.0.16"
configure:11537: $? = 0
configure:11548: checking for LIBUSB0
configure:11555: $PKG_CONFIG --exists --print-errors "libusb"
configure:11558: $? = 0
configure:11572: $PKG_CONFIG --exists --print-errors "libusb"
configure:11575: $? = 0
configure:11613: result: yes
configure:11621: checking for HIDAPI
configure:11628: $PKG_CONFIG --exists --print-errors "$hidapi_lib"
Package hidapi was not found in the pkg-config search path.
Perhaps you should add the directory containing `hidapi.pc'
to the PKG_CONFIG_PATH environment variable
No package 'hidapi' found
configure:11631: $? = 1
configure:11645: $PKG_CONFIG --exists --print-errors "$hidapi_lib"
Package hidapi was not found in the pkg-config search path.
Perhaps you should add the directory containing `hidapi.pc'
to the PKG_CONFIG_PATH environment variable
No package 'hidapi' found
configure:11648: $? = 1
configure:11662: result: no
No package 'hidapi' found
configure:11621: checking for HIDAPI
configure:11628: $PKG_CONFIG --exists --print-errors "$hidapi_lib"
configure:11631: $? = 0
configure:11645: $PKG_CONFIG --exists --print-errors "$hidapi_lib"
configure:11648: $? = 0
configure:11690: result: yes
configure:11701: checking for LIBFTDI
configure:11708: $PKG_CONFIG --exists --print-errors "libftdi1"
configure:11711: $? = 0
configure:11725: $PKG_CONFIG --exists --print-errors "libftdi1"
configure:11728: $? = 0
configure:11910: result: yes
configure:11917: checking for LIBJAYLINK
configure:11924: $PKG_CONFIG --exists --print-errors "libjaylink >= 0.1"
Package libjaylink was not found in the pkg-config search path.
Perhaps you should add the directory containing `libjaylink.pc'
to the PKG_CONFIG_PATH environment variable
No package 'libjaylink' found
configure:11927: $? = 1
configure:11941: $PKG_CONFIG --exists --print-errors "libjaylink >= 0.1"
Package libjaylink was not found in the pkg-config search path.
Perhaps you should add the directory containing `libjaylink.pc'
to the PKG_CONFIG_PATH environment variable
No package 'libjaylink' found
configure:11944: $? = 1
configure:11958: result: no
No package 'libjaylink' found
configure:12935: checking for environ in unistd.h and stdlib.h
configure:12953: gcc -c -g -O2  conftest.c >&5
configure:12953: $? = 0
configure:12955: result: yes
configure:13141: checking that generated files are newer than configure
configure:13147: result: done
configure:13375: creating ./config.status

## ---------------------- ##
## Running config.status. ##
## ---------------------- ##

This file was extended by openocd config.status 0.10.0, which was
generated by GNU Autoconf 2.69.  Invocation command line was

  CONFIG_FILES    = 
  CONFIG_HEADERS  = 
  CONFIG_LINKS    = 
  CONFIG_COMMANDS = 
  $ ./config.status 

on debian-gnu-linux-vm

config.status:1276: creating Makefile
config.status:1276: creating config.h
config.status:1505: executing depfiles commands
config.status:1582: cd .       && sed -e '/# am--include-marker/d' Makefile         | make -f - am--depfiles
/tmp/GmdEeOLw:4783: warning: overriding recipe for target 'check-recursive'
/tmp/GmdEeOLw:3669: warning: ignoring old recipe for target 'check-recursive'
config.status:1587: $? = 0
config.status:1505: executing libtool commands
configure:15584: === configuring in jimtcl (/home/willy/openocd-0.10.1/jimtcl)
configure:15647: running /bin/bash ./configure.gnu --disable-option-checking '--prefix=/usr/local'  '--enable-ftdi' '--enable-stlink' '--enable-ti-icdi' '--enable-jlink' '--enable-cmsis-dap' --cache-file=/dev/null --srcdir=.
configure:15584: === configuring in src/jtag/drivers/libjaylink (/home/willy/openocd-0.10.1/src/jtag/drivers/libjaylink)
configure:15647: running /bin/bash ./configure.gnu --disable-option-checking '--prefix=/usr/local'  '--enable-ftdi' '--enable-stlink' '--enable-ti-icdi' '--enable-jlink' '--enable-cmsis-dap' --cache-file=/dev/null --srcdir=.

## ---------------- ##
## Cache variables. ##
## ---------------- ##

ac_cv_build=x86_64-pc-linux-gnu
ac_cv_c_bigendian=no
ac_cv_c_compiler_gnu=yes
ac_cv_c_const=yes
ac_cv_env_CC_set=
ac_cv_env_CC_value=
ac_cv_env_CFLAGS_set=
ac_cv_env_CFLAGS_value=
ac_cv_env_CPPFLAGS_set=
ac_cv_env_CPPFLAGS_value=
ac_cv_env_CPP_set=
ac_cv_env_CPP_value=
ac_cv_env_HIDAPI_CFLAGS_set=
ac_cv_env_HIDAPI_CFLAGS_value=
ac_cv_env_HIDAPI_LIBS_set=
ac_cv_env_HIDAPI_LIBS_value=
ac_cv_env_LDFLAGS_set=
ac_cv_env_LDFLAGS_value=
ac_cv_env_LIBFTDI_CFLAGS_set=
ac_cv_env_LIBFTDI_CFLAGS_value=
ac_cv_env_LIBFTDI_LIBS_set=
ac_cv_env_LIBFTDI_LIBS_value=
ac_cv_env_LIBJAYLINK_CFLAGS_set=
ac_cv_env_LIBJAYLINK_CFLAGS_value=
ac_cv_env_LIBJAYLINK_LIBS_set=
ac_cv_env_LIBJAYLINK_LIBS_value=
ac_cv_env_LIBS_set=
ac_cv_env_LIBS_value=
ac_cv_env_LIBUSB0_CFLAGS_set=
ac_cv_env_LIBUSB0_CFLAGS_value=
ac_cv_env_LIBUSB0_LIBS_set=
ac_cv_env_LIBUSB0_LIBS_value=
ac_cv_env_LIBUSB1_CFLAGS_set=
ac_cv_env_LIBUSB1_CFLAGS_value=
ac_cv_env_LIBUSB1_LIBS_set=
ac_cv_env_LIBUSB1_LIBS_value=
ac_cv_env_LT_SYS_LIBRARY_PATH_set=
ac_cv_env_LT_SYS_LIBRARY_PATH_value=
ac_cv_env_PKG_CONFIG_LIBDIR_set=
ac_cv_env_PKG_CONFIG_LIBDIR_value=
ac_cv_env_PKG_CONFIG_PATH_set=
ac_cv_env_PKG_CONFIG_PATH_value=
ac_cv_env_PKG_CONFIG_set=
ac_cv_env_PKG_CONFIG_value=
ac_cv_env_build_alias_set=
ac_cv_env_build_alias_value=
ac_cv_env_host_alias_set=
ac_cv_env_host_alias_value=
ac_cv_env_target_alias_set=
ac_cv_env_target_alias_value=
ac_cv_func_gettimeofday=yes
ac_cv_func_realpath=yes
ac_cv_func_strndup=yes
ac_cv_func_strnlen=yes
ac_cv_func_usleep=yes
ac_cv_func_vasprintf=yes
ac_cv_header_arpa_inet_h=yes
ac_cv_header_dirent_h=yes
ac_cv_header_dlfcn_h=yes
ac_cv_header_elf_h=yes
ac_cv_header_fcntl_h=yes
ac_cv_header_ifaddrs_h=yes
ac_cv_header_inttypes_h=yes
ac_cv_header_malloc_h=yes
ac_cv_header_memory_h=yes
ac_cv_header_net_if_h=yes
ac_cv_header_netdb_h=yes
ac_cv_header_netinet_in_h=yes
ac_cv_header_netinet_tcp_h=yes
ac_cv_header_poll_h=yes
ac_cv_header_pthread_h=yes
ac_cv_header_stdbool_h=yes
ac_cv_header_stdc=yes
ac_cv_header_stdint_h=yes
ac_cv_header_stdlib_h=yes
ac_cv_header_string_h=yes
ac_cv_header_strings_h=yes
ac_cv_header_sys_ioctl_h=yes
ac_cv_header_sys_param_h=yes
ac_cv_header_sys_select_h=yes
ac_cv_header_sys_socket_h=yes
ac_cv_header_sys_stat_h=yes
ac_cv_header_sys_sysctl_h=yes
ac_cv_header_sys_time_h=yes
ac_cv_header_sys_types_h=yes
ac_cv_header_time=yes
ac_cv_header_unistd_h=yes
ac_cv_host=x86_64-pc-linux-gnu
ac_cv_objext=o
ac_cv_path_EGREP='/bin/grep -E'
ac_cv_path_FGREP='/bin/grep -F'
ac_cv_path_GREP=/bin/grep
ac_cv_path_SED=/bin/sed
ac_cv_path_ac_pt_PKG_CONFIG=/usr/bin/pkg-config
ac_cv_path_install='/usr/bin/install -c'
ac_cv_path_lt_DD=/bin/dd
ac_cv_path_mkdir=/bin/mkdir
ac_cv_prog_AWK=gawk
ac_cv_prog_CPP='gcc -E'
ac_cv_prog_MAKEINFO=makeinfo
ac_cv_prog_ac_ct_AR=ar
ac_cv_prog_ac_ct_CC=gcc
ac_cv_prog_ac_ct_MANIFEST_TOOL=mt
ac_cv_prog_ac_ct_OBJDUMP=objdump
ac_cv_prog_ac_ct_RANLIB=ranlib
ac_cv_prog_ac_ct_STRIP=strip
ac_cv_prog_cc_c89=
ac_cv_prog_cc_c99=
ac_cv_prog_cc_g=yes
ac_cv_prog_make_make_set=yes
ac_cv_search_dlopen=-ldl
ac_cv_search_ioperm='none required'
ac_cv_type__Bool=yes
ac_cv_type_long_long_int=yes
ac_cv_type_unsigned_long_long_int=yes
am_cv_CC_dependencies_compiler_type=gcc3
am_cv_make_support_nested_variables=yes
am_cv_prog_cc_c_o=yes
lt_cv_ar_at_file=@
lt_cv_deplibs_check_method=pass_all
lt_cv_file_magic_cmd='$MAGIC_CMD'
lt_cv_file_magic_test_file=
lt_cv_ld_reload_flag=-r
lt_cv_nm_interface='BSD nm'
lt_cv_objdir=.libs
lt_cv_path_LD=/usr/bin/ld
lt_cv_path_NM='/usr/bin/nm -B'
lt_cv_path_mainfest_tool=no
lt_cv_prog_compiler_c_o=yes
lt_cv_prog_compiler_pic='-fPIC -DPIC'
lt_cv_prog_compiler_pic_works=yes
lt_cv_prog_compiler_rtti_exceptions=no
lt_cv_prog_compiler_static_works=yes
lt_cv_prog_gnu_ld=yes
lt_cv_sharedlib_from_linklib_cmd='printf %s\n'
lt_cv_shlibpath_overrides_runpath=yes
lt_cv_sys_global_symbol_pipe='sed -n -e '\''s/^.*[	 ]\([ABCDGIRSTW][ABCDGIRSTW]*\)[	 ][	 ]*\([_A-Za-z][_A-Za-z0-9]*\)$/\1 \2 \2/p'\'' | sed '\''/ __gnu_lto/d'\'''
lt_cv_sys_global_symbol_to_c_name_address='sed -n -e '\''s/^: \(.*\) .*$/  {"\1", (void *) 0},/p'\'' -e '\''s/^[ABCDGIRSTW][ABCDGIRSTW]* .* \(.*\)$/  {"\1", (void *) \&\1},/p'\'''
lt_cv_sys_global_symbol_to_c_name_address_lib_prefix='sed -n -e '\''s/^: \(.*\) .*$/  {"\1", (void *) 0},/p'\'' -e '\''s/^[ABCDGIRSTW][ABCDGIRSTW]* .* \(lib.*\)$/  {"\1", (void *) \&\1},/p'\'' -e '\''s/^[ABCDGIRSTW][ABCDGIRSTW]* .* \(.*\)$/  {"lib\1", (void *) \&\1},/p'\'''
lt_cv_sys_global_symbol_to_cdecl='sed -n -e '\''s/^T .* \(.*\)$/extern int \1();/p'\'' -e '\''s/^[ABCDGIRSTW][ABCDGIRSTW]* .* \(.*\)$/extern char \1;/p'\'''
lt_cv_sys_global_symbol_to_import=
lt_cv_sys_max_cmd_len=1572864
lt_cv_to_host_file_cmd=func_convert_file_noop
lt_cv_to_tool_file_cmd=func_convert_file_noop
lt_cv_truncate_bin='/bin/dd bs=4096 count=1'
pkg_cv_HIDAPI_CFLAGS=-I/usr/include/hidapi
pkg_cv_HIDAPI_LIBS=-lhidapi-hidraw
pkg_cv_LIBFTDI_CFLAGS='-I/usr/include/libftdi1 -I/usr/include/libusb-1.0'
pkg_cv_LIBFTDI_LIBS='-lftdi1 -lusb-1.0'
pkg_cv_LIBUSB0_CFLAGS=
pkg_cv_LIBUSB0_LIBS=-lusb
pkg_cv_LIBUSB1_CFLAGS=-I/usr/include/libusb-1.0
pkg_cv_LIBUSB1_LIBS=-lusb-1.0

## ----------------- ##
## Output variables. ##
## ----------------- ##

ACLOCAL='${SHELL} /home/willy/openocd-0.10.1/missing aclocal-1.16'
AICE_FALSE='#'
AICE_TRUE=''
AMDEPBACKSLASH='\'
AMDEP_FALSE='#'
AMDEP_TRUE=''
AMTAR='$${TAR-tar}'
AMTJTAGACCEL_FALSE=''
AMTJTAGACCEL_TRUE='#'
AM_BACKSLASH='\'
AM_DEFAULT_V='$(AM_DEFAULT_VERBOSITY)'
AM_DEFAULT_VERBOSITY='1'
AM_V='$(V)'
AR='ar'
ARMJTAGEW_FALSE='#'
ARMJTAGEW_TRUE=''
AT91RM9200_FALSE=''
AT91RM9200_TRUE='#'
AUTOCONF='${SHELL} /home/willy/openocd-0.10.1/missing autoconf'
AUTOHEADER='${SHELL} /home/willy/openocd-0.10.1/missing autoheader'
AUTOMAKE='${SHELL} /home/willy/openocd-0.10.1/missing automake-1.16'
AWK='gawk'
BCM2835GPIO_FALSE=''
BCM2835GPIO_TRUE='#'
BITBANG_FALSE=''
BITBANG_TRUE='#'
BITQ_FALSE='#'
BITQ_TRUE=''
BUSPIRATE_FALSE=''
BUSPIRATE_TRUE='#'
CC='gcc'
CCDEPMODE='depmode=gcc3'
CFLAGS='-g -O2'
CMSIS_DAP_FALSE='#'
CMSIS_DAP_TRUE=''
CPP='gcc -E'
CPPFLAGS=''
CYGPATH_W='echo'
DEFS='-DHAVE_CONFIG_H'
DEPDIR='.deps'
DLLTOOL='false'
DSYMUTIL=''
DUMMY_FALSE=''
DUMMY_TRUE='#'
DUMPBIN=''
ECHO_C=''
ECHO_N='-n'
ECHO_T=''
EGREP='/bin/grep -E'
EP93XX_FALSE=''
EP93XX_TRUE='#'
EXEEXT=''
FGREP='/bin/grep -F'
FTDI_FALSE='#'
FTDI_TRUE=''
GCC_WARNINGS='-Wall -Wstrict-prototypes -Wformat-security -Wshadow -Wextra -Wno-unused-parameter -Wbad-function-cast -Wcast-align -Wredundant-decls -Werror'
GIVEIO_FALSE=''
GIVEIO_TRUE='#'
GREP='/bin/grep'
GW16012_FALSE=''
GW16012_TRUE='#'
HIDAPI_CFLAGS='-I/usr/include/hidapi'
HIDAPI_LIBS='-lhidapi-hidraw'
HLADAPTER_FALSE='#'
HLADAPTER_ICDI_FALSE='#'
HLADAPTER_ICDI_TRUE=''
HLADAPTER_STLINK_FALSE='#'
HLADAPTER_STLINK_TRUE=''
HLADAPTER_TRUE=''
HOST_CPPFLAGS=''
INSTALL_DATA='${INSTALL} -m 644'
INSTALL_PROGRAM='${INSTALL}'
INSTALL_SCRIPT='${INSTALL}'
INSTALL_STRIP_PROGRAM='$(install_sh) -c -s'
INTERNAL_JIMTCL_FALSE='#'
INTERNAL_JIMTCL_TRUE=''
INTERNAL_LIBJAYLINK_FALSE='#'
INTERNAL_LIBJAYLINK_TRUE=''
IOUTIL_FALSE=''
IOUTIL_TRUE='#'
IS_CYGWIN_FALSE=''
IS_CYGWIN_TRUE='#'
IS_DARWIN_FALSE=''
IS_DARWIN_TRUE='#'
IS_MINGW_FALSE=''
IS_MINGW_TRUE='#'
IS_WIN32_FALSE=''
IS_WIN32_TRUE='#'
JLINK_FALSE='#'
JLINK_TRUE=''
JTAG_VPI_FALSE=''
JTAG_VPI_TRUE='#'
LD='/usr/bin/ld -m elf_x86_64'
LDFLAGS=''
LIBFTDI_CFLAGS='-I/usr/include/libftdi1 -I/usr/include/libusb-1.0'
LIBFTDI_LIBS='-lftdi1 -lusb-1.0'
LIBJAYLINK_CFLAGS=''
LIBJAYLINK_LIBS=''
LIBOBJS=''
LIBS='-ldl '
LIBTOOL='$(SHELL) $(top_builddir)/libtool'
LIBTOOL_DEPS='./ltmain.sh'
LIBUSB0_CFLAGS=''
LIBUSB0_LIBS='-lusb'
LIBUSB1_CFLAGS='-isystem /usr/include/libusb-1.0'
LIBUSB1_LIBS='-lusb-1.0'
LIPO=''
LN_S='ln -s'
LTLIBOBJS=''
LT_SYS_LIBRARY_PATH=''
MAKEINFO='makeinfo'
MANIFEST_TOOL=':'
MINIDRIVER_DUMMY_FALSE=''
MINIDRIVER_DUMMY_TRUE='#'
MINIDRIVER_FALSE=''
MINIDRIVER_TRUE='#'
MKDIR_P='/bin/mkdir -p'
NM='/usr/bin/nm -B'
NMEDIT=''
OBJDUMP='objdump'
OBJEXT='o'
OOCD_TRACE_FALSE=''
OOCD_TRACE_TRUE='#'
OPENDOUS_FALSE='#'
OPENDOUS_TRUE=''
OPENJTAG_FALSE='#'
OPENJTAG_TRUE=''
OSBDM_FALSE='#'
OSBDM_TRUE=''
OTOOL64=''
OTOOL=''
PACKAGE='openocd'
PACKAGE_BUGREPORT='OpenOCD Mailing List <openocd-devel@lists.sourceforge.net>'
PACKAGE_NAME='openocd'
PACKAGE_STRING='openocd 0.10.0'
PACKAGE_TARNAME='openocd'
PACKAGE_URL=''
PACKAGE_VERSION='0.10.0'
PARPORT_FALSE=''
PARPORT_TRUE='#'
PATH_SEPARATOR=':'
PKG_CONFIG='/usr/bin/pkg-config'
PKG_CONFIG_LIBDIR=''
PKG_CONFIG_PATH=''
PRESTO_FALSE='#'
PRESTO_TRUE=''
RANLIB='ranlib'
RELEASE_FALSE='#'
RELEASE_TRUE=''
REMOTE_BITBANG_FALSE=''
REMOTE_BITBANG_TRUE='#'
RLINK_FALSE='#'
RLINK_TRUE=''
SED='/bin/sed'
SET_MAKE=''
SHELL='/bin/bash'
STRIP='strip'
SYSFSGPIO_FALSE=''
SYSFSGPIO_TRUE='#'
ULINK_FALSE='#'
ULINK_TRUE=''
USBPROG_FALSE='#'
USBPROG_TRUE=''
USB_BLASTER_2_FALSE='#'
USB_BLASTER_2_TRUE=''
USB_BLASTER_DRIVER_FALSE='#'
USB_BLASTER_DRIVER_TRUE=''
USB_BLASTER_FALSE='#'
USB_BLASTER_TRUE=''
USE_HIDAPI_FALSE='#'
USE_HIDAPI_TRUE=''
USE_LIBFTDI_FALSE='#'
USE_LIBFTDI_TRUE=''
USE_LIBJAYLINK_FALSE=''
USE_LIBJAYLINK_TRUE='#'
USE_LIBUSB0_FALSE='#'
USE_LIBUSB0_TRUE=''
USE_LIBUSB1_FALSE='#'
USE_LIBUSB1_TRUE=''
VERSION='0.10.0'
VSLLINK_FALSE='#'
VSLLINK_TRUE=''
ZY1000_FALSE=''
ZY1000_MASTER_FALSE=''
ZY1000_MASTER_TRUE='#'
ZY1000_TRUE='#'
ac_ct_AR='ar'
ac_ct_CC='gcc'
ac_ct_DUMPBIN=''
am__EXEEXT_FALSE=''
am__EXEEXT_TRUE='#'
am__fastdepCC_FALSE='#'
am__fastdepCC_TRUE=''
am__include='include'
am__isrc=''
am__leading_dot='.'
am__nodep='_no'
am__quote=''
am__tar='$${TAR-tar} chof - "$$tardir"'
am__untar='$${TAR-tar} xf -'
bindir='${exec_prefix}/bin'
build='x86_64-pc-linux-gnu'
build_alias=''
build_cpu='x86_64'
build_os='linux-gnu'
build_vendor='pc'
datadir='${datarootdir}'
datarootdir='${prefix}/share'
docdir='${datarootdir}/doc/${PACKAGE_TARNAME}'
doxygen_as_html='yes'
doxygen_as_pdf='no'
dvidir='${docdir}'
exec_prefix='${prefix}'
host='x86_64-pc-linux-gnu'
host_alias=''
host_cpu='x86_64'
host_os='linux-gnu'
host_vendor='pc'
htmldir='${docdir}'
includedir='${prefix}/include'
infodir='${datarootdir}/info'
install_sh='${SHELL} /home/willy/openocd-0.10.1/install-sh'
libdir='${exec_prefix}/lib'
libexecdir='${exec_prefix}/libexec'
localedir='${datarootdir}/locale'
localstatedir='${prefix}/var'
mandir='${datarootdir}/man'
mkdir_p='$(MKDIR_P)'
oldincludedir='/usr/include'
pdfdir='${docdir}'
prefix='/usr/local'
program_transform_name='s,x,x,'
psdir='${docdir}'
runstatedir='${localstatedir}/run'
sbindir='${exec_prefix}/sbin'
sharedstatedir='${prefix}/com'
subdirs=' jimtcl src/jtag/drivers/libjaylink'
sysconfdir='${prefix}/etc'
target_alias=''

## ----------- ##
## confdefs.h. ##
## ----------- ##

/* confdefs.h */
#define PACKAGE_NAME "openocd"
#define PACKAGE_TARNAME "openocd"
#define PACKAGE_VERSION "0.10.0"
#define PACKAGE_STRING "openocd 0.10.0"
#define PACKAGE_BUGREPORT "OpenOCD Mailing List <openocd-devel@lists.sourceforge.net>"
#define PACKAGE_URL ""
#define PACKAGE "openocd"
#define VERSION "0.10.0"
#define STDC_HEADERS 1
#define HAVE_SYS_TYPES_H 1
#define HAVE_SYS_STAT_H 1
#define HAVE_STDLIB_H 1
#define HAVE_STRING_H 1
#define HAVE_MEMORY_H 1
#define HAVE_STRINGS_H 1
#define HAVE_INTTYPES_H 1
#define HAVE_STDINT_H 1
#define HAVE_UNISTD_H 1
#define HAVE_DLFCN_H 1
#define LT_OBJDIR ".libs/"
#define HAVE_UNSIGNED_LONG_LONG_INT 1
#define HAVE_LONG_LONG_INT 1
#define HAVE_SYS_SOCKET_H 1
#define HAVE_ELF_H 1
#define HAVE_DIRENT_H 1
#define HAVE_FCNTL_H 1
#define HAVE_MALLOC_H 1
#define HAVE_NETDB_H 1
#define HAVE_POLL_H 1
#define HAVE_PTHREAD_H 1
#define HAVE_STRINGS_H 1
#define HAVE_SYS_IOCTL_H 1
#define HAVE_SYS_PARAM_H 1
#define HAVE_SYS_SELECT_H 1
#define HAVE_SYS_STAT_H 1
#define HAVE_SYS_SYSCTL_H 1
#define HAVE_SYS_TIME_H 1
#define HAVE_SYS_TYPES_H 1
#define HAVE_UNISTD_H 1
#define HAVE_ARPA_INET_H 1
#define HAVE_IFADDRS_H 1
#define HAVE_NETINET_IN_H 1
#define HAVE_NETINET_TCP_H 1
#define HAVE_NET_IF_H 1
#define HAVE__BOOL 1
#define HAVE_STDBOOL_H 1
#define TIME_WITH_SYS_TIME 1
#define HAVE_STRNDUP 1
#define HAVE_STRNLEN 1
#define HAVE_GETTIMEOFDAY 1
#define HAVE_USLEEP 1
#define HAVE_VASPRINTF 1
#define HAVE_REALPATH 1
#define IS_CYGWIN 0
#define IS_MINGW 0
#define IS_WIN32 0
#define IS_DARWIN 0
#define BUILD_PARPORT 0
#define BUILD_DUMMY 0
#define BUILD_EP93XX 0
#define BUILD_ZY1000 0
#define BUILD_ZY1000_MASTER 0
#define BUILD_AT91RM9200 0
#define BUILD_BCM2835GPIO 0
#define PARPORT_USE_PPDEV 1
#define PARPORT_USE_GIVEIO 0
#define BUILD_JTAG_VPI 0
#define BUILD_AMTJTAGACCEL 0
#define BUILD_GW16012 0
#define BUILD_OOCD_TRACE 0
#define BUILD_BUSPIRATE 0
#define BUILD_REMOTE_BITBANG 0
#define BUILD_SYSFSGPIO 0
#define HAVE_LIBUSB1 1
#define HAVE_LIBUSB_ERROR_NAME 1
#define HAVE_LIBUSB_GET_PORT_NUMBERS 1
#define BUILD_FTDI 1
#define BUILD_HLADAPTER_STLINK 1
#define BUILD_HLADAPTER_ICDI 1
#define BUILD_ULINK 1
#define BUILD_USB_BLASTER_2 1
#define BUILD_VSLLINK 1
#define BUILD_OSBDM 1
#define BUILD_OPENDOUS 1
#define BUILD_AICE 1
#define BUILD_USBPROG 1
#define BUILD_RLINK 1
#define BUILD_ARMJTAGEW 1
#define BUILD_CMSIS_DAP 1
#define BUILD_USB_BLASTER 1
#define BUILD_PRESTO 1
#define BUILD_OPENJTAG 1
#define BUILD_JLINK 1
#define BUILD_HLADAPTER 1
#define _GNU_SOURCE 1

configure: exit 0

## ---------------------- ##
## Running config.status. ##
## ---------------------- ##

This file was extended by openocd config.status 0.10.0, which was
generated by GNU Autoconf 2.69.  Invocation command line was

  CONFIG_FILES    = 
  CONFIG_HEADERS  = 
  CONFIG_LINKS    = 
  CONFIG_COMMANDS = 
  $ ./config.status Makefile depfiles

on debian-gnu-linux-vm

config.status:1276: creating Makefile
config.status:1505: executing depfiles commands
config.status:1582: cd .       && sed -e '/# am--include-marker/d' Makefile         | make -f - am--depfiles
make[1]: Entering directory '/home/willy/openocd-0.10.1'
/tmp/GmWU7SLl:4783: warning: overriding recipe for target 'check-recursive'
/tmp/GmWU7SLl:3669: warning: ignoring old recipe for target 'check-recursive'
make[1]: Nothing to be done for 'am--depfiles'.
make[1]: Leaving directory '/home/willy/openocd-0.10.1'
config.status:1587: $? = 0
